#1: 0xF000CA7C => 11110000000000001100101001111100
#Ways: 1	Set-111	Tag-111100000000000011001010011
#Ways: 2	Set-11	Tag-1111000000000000110010100111
#Ways: 4	Set-1	Tag-11110000000000001100101001111


#2: 0x110092AC => 00010001000000001001001010101100
#Ways: 1	Set-011	Tag-000100010000000010010010101
#Ways: 2	Set-11	Tag-0001000100000000100100101010
#Ways: 4	Set-1	Tag-00010001000000001001001010101


#3: 0xAB20CAE8 => 10101011001000001100101011101000
#Ways: 1	Set-010	Tag-101010110010000011001010111
#Ways: 2	Set-10	Tag-1010101100100000110010101110
#Ways: 4	Set-0	Tag-10101011001000001100101011101


#4: 0x12A0CA94 => 00010010101000001100101010010100
#Ways: 1	Set-101	Tag-000100101010000011001010100
#Ways: 2	Set-01	Tag-0001001010100000110010101001
#Ways: 4	Set-1	Tag-00010010101000001100101010010


#5: 0x30A0CA50 => 00110000101000001100101001010000
#Ways: 1	Set-100	Tag-001100001010000011001010010
#Ways: 2	Set-00	Tag-0011000010100000110010100101
#Ways: 4	Set-0	Tag-00110000101000001100101001010


#6: 0xF0FFCA60 => 11110000111111111100101001100000
#Ways: 1	Set-000	Tag-111100001111111111001010011
#Ways: 2	Set-00	Tag-1111000011111111110010100110
#Ways: 4	Set-0	Tag-11110000111111111100101001100


#7: 0xF0BDCAE8 => 11110000101111011100101011101000
#Ways: 1	Set-010	Tag-111100001011110111001010111
#Ways: 2	Set-10	Tag-1111000010111101110010101110
#Ways: 4	Set-0	Tag-11110000101111011100101011101


#8: 0xF220CA8C => 11110010001000001100101010001100
#Ways: 1	Set-011	Tag-111100100010000011001010100
#Ways: 2	Set-11	Tag-1111001000100000110010101000
#Ways: 4	Set-1	Tag-11110010001000001100101010001


#9: 0x12A0CA94 => 00010010101000001100101010010100
#Ways: 1	Set-101	Tag-000100101010000011001010100
#Ways: 2	Set-01	Tag-0001001010100000110010101001
#Ways: 4	Set-1	Tag-00010010101000001100101010010


#10: 0x2300CA34 => 00100011000000001100101000110100
#Ways: 1	Set-101	Tag-001000110000000011001010001
#Ways: 2	Set-01	Tag-0010001100000000110010100011
#Ways: 4	Set-1	Tag-00100011000000001100101000110


#11: 0x23A0CA20 => 00100011101000001100101000100000
#Ways: 1	Set-000	Tag-001000111010000011001010001
#Ways: 2	Set-00	Tag-0010001110100000110010100010
#Ways: 4	Set-0	Tag-00100011101000001100101000100


#12: 0x12A0CA94 => 00010010101000001100101010010100
#Ways: 1	Set-101	Tag-000100101010000011001010100
#Ways: 2	Set-01	Tag-0001001010100000110010101001
#Ways: 4	Set-1	Tag-00010010101000001100101010010


#13: 0x23A0CA9C => 00100011101000001100101010011100
#Ways: 1	Set-111	Tag-001000111010000011001010100
#Ways: 2	Set-11	Tag-0010001110100000110010101001
#Ways: 4	Set-1	Tag-00100011101000001100101010011


#14: 0xF000CA7C => 11110000000000001100101001111100
#Ways: 1	Set-111	Tag-111100000000000011001010011
#Ways: 2	Set-11	Tag-1111000000000000110010100111
#Ways: 4	Set-1	Tag-11110000000000001100101001111


#15: 0x110092AC => 00010001000000001001001010101100
#Ways: 1	Set-011	Tag-000100010000000010010010101
#Ways: 2	Set-11	Tag-0001000100000000100100101010
#Ways: 4	Set-1	Tag-00010001000000001001001010101


#16: 0x76A0CAC4 => 01110110101000001100101011000100
#Ways: 1	Set-001	Tag-011101101010000011001010110
#Ways: 2	Set-01	Tag-0111011010100000110010101100
#Ways: 4	Set-1	Tag-01110110101000001100101011000


#17: 0xF0BBCAD4 => 11110000101110111100101011010100
#Ways: 1	Set-101	Tag-111100001011101111001010110
#Ways: 2	Set-01	Tag-1111000010111011110010101101
#Ways: 4	Set-1	Tag-11110000101110111100101011010


#18: 0xF000CA7C => 11110000000000001100101001111100
#Ways: 1	Set-111	Tag-111100000000000011001010011
#Ways: 2	Set-11	Tag-1111000000000000110010100111
#Ways: 4	Set-1	Tag-11110000000000001100101001111






1 ways:

#1: 0xF000CA7C/11110000000000001100101001111100  at (base)set (2)111/(10) 7 miss
[0]
[0]
[0]
[0]
[0]
[0]
[0]
['111100000000000011001010011']


#2: 0x110092AC/00010001000000001001001010101100  at (base)set (2)011/(10) 3 miss
[0]
[0]
[0]
['000100010000000010010010101']
[0]
[0]
[0]
['111100000000000011001010011']


#3: 0xAB20CAE8/10101011001000001100101011101000  at (base)set (2)010/(10) 2 miss
[0]
[0]
['101010110010000011001010111']
['000100010000000010010010101']
[0]
[0]
[0]
['111100000000000011001010011']


#4: 0x12A0CA94/00010010101000001100101010010100  at (base)set (2)101/(10) 5 miss
[0]
[0]
['101010110010000011001010111']
['000100010000000010010010101']
[0]
['000100101010000011001010100']
[0]
['111100000000000011001010011']


#5: 0x30A0CA50/00110000101000001100101001010000  at (base)set (2)100/(10) 4 miss
[0]
[0]
['101010110010000011001010111']
['000100010000000010010010101']
['001100001010000011001010010']
['000100101010000011001010100']
[0]
['111100000000000011001010011']


#6: 0xF0FFCA60/11110000111111111100101001100000  at (base)set (2)000/(10) 0 miss
['111100001111111111001010011']
[0]
['101010110010000011001010111']
['000100010000000010010010101']
['001100001010000011001010010']
['000100101010000011001010100']
[0]
['111100000000000011001010011']


#7: 0xF0BDCAE8/11110000101111011100101011101000  at (base)set (2)010/(10) 2 miss
['111100001111111111001010011']
[0]
['111100001011110111001010111']
['000100010000000010010010101']
['001100001010000011001010010']
['000100101010000011001010100']
[0]
['111100000000000011001010011']


#8: 0xF220CA8C/11110010001000001100101010001100  at (base)set (2)011/(10) 3 miss
['111100001111111111001010011']
[0]
['111100001011110111001010111']
['111100100010000011001010100']
['001100001010000011001010010']
['000100101010000011001010100']
[0]
['111100000000000011001010011']


#9: 0x12A0CA94/00010010101000001100101010010100  at (base)set (2)101/(10) 5 hit
['111100001111111111001010011']
[0]
['111100001011110111001010111']
['111100100010000011001010100']
['001100001010000011001010010']
['000100101010000011001010100']
[0]
['111100000000000011001010011']


#10: 0x2300CA34/00100011000000001100101000110100  at (base)set (2)101/(10) 5 miss
['111100001111111111001010011']
[0]
['111100001011110111001010111']
['111100100010000011001010100']
['001100001010000011001010010']
['001000110000000011001010001']
[0]
['111100000000000011001010011']


#11: 0x23A0CA20/00100011101000001100101000100000  at (base)set (2)000/(10) 0 miss
['001000111010000011001010001']
[0]
['111100001011110111001010111']
['111100100010000011001010100']
['001100001010000011001010010']
['001000110000000011001010001']
[0]
['111100000000000011001010011']


#12: 0x12A0CA94/00010010101000001100101010010100  at (base)set (2)101/(10) 5 miss
['001000111010000011001010001']
[0]
['111100001011110111001010111']
['111100100010000011001010100']
['001100001010000011001010010']
['000100101010000011001010100']
[0]
['111100000000000011001010011']


#13: 0x23A0CA9C/00100011101000001100101010011100  at (base)set (2)111/(10) 7 miss
['001000111010000011001010001']
[0]
['111100001011110111001010111']
['111100100010000011001010100']
['001100001010000011001010010']
['000100101010000011001010100']
[0]
['001000111010000011001010100']


#14: 0xF000CA7C/11110000000000001100101001111100  at (base)set (2)111/(10) 7 miss
['001000111010000011001010001']
[0]
['111100001011110111001010111']
['111100100010000011001010100']
['001100001010000011001010010']
['000100101010000011001010100']
[0]
['111100000000000011001010011']


#15: 0x110092AC/00010001000000001001001010101100  at (base)set (2)011/(10) 3 miss
['001000111010000011001010001']
[0]
['111100001011110111001010111']
['000100010000000010010010101']
['001100001010000011001010010']
['000100101010000011001010100']
[0]
['111100000000000011001010011']


#16: 0x76A0CAC4/01110110101000001100101011000100  at (base)set (2)001/(10) 1 miss
['001000111010000011001010001']
['011101101010000011001010110']
['111100001011110111001010111']
['000100010000000010010010101']
['001100001010000011001010010']
['000100101010000011001010100']
[0]
['111100000000000011001010011']


#17: 0xF0BBCAD4/11110000101110111100101011010100  at (base)set (2)101/(10) 5 miss
['001000111010000011001010001']
['011101101010000011001010110']
['111100001011110111001010111']
['000100010000000010010010101']
['001100001010000011001010010']
['111100001011101111001010110']
[0]
['111100000000000011001010011']


#18: 0xF000CA7C/11110000000000001100101001111100  at (base)set (2)111/(10) 7 hit
['001000111010000011001010001']
['011101101010000011001010110']
['111100001011110111001010111']
['000100010000000010010010101']
['001100001010000011001010010']
['111100001011101111001010110']
[0]
['111100000000000011001010011']


Hits: 2
Misses: 16

2 ways:

#1: 0xF000CA7C/11110000000000001100101001111100  at (base)set (2)11/(10) 3 miss
[0, 0]
[0, 0]
[0, 0]
['1111000000000000110010100111', 0]


#2: 0x110092AC/00010001000000001001001010101100  at (base)set (2)11/(10) 3 miss
[0, 0]
[0, 0]
[0, 0]
['1111000000000000110010100111', '0001000100000000100100101010']


#3: 0xAB20CAE8/10101011001000001100101011101000  at (base)set (2)10/(10) 2 miss
[0, 0]
[0, 0]
['1010101100100000110010101110', 0]
['1111000000000000110010100111', '0001000100000000100100101010']


#4: 0x12A0CA94/00010010101000001100101010010100  at (base)set (2)01/(10) 1 miss
[0, 0]
['0001001010100000110010101001', 0]
['1010101100100000110010101110', 0]
['1111000000000000110010100111', '0001000100000000100100101010']


#5: 0x30A0CA50/00110000101000001100101001010000  at (base)set (2)00/(10) 0 miss
['0011000010100000110010100101', 0]
['0001001010100000110010101001', 0]
['1010101100100000110010101110', 0]
['1111000000000000110010100111', '0001000100000000100100101010']


#6: 0xF0FFCA60/11110000111111111100101001100000  at (base)set (2)00/(10) 0 miss
['0011000010100000110010100101', '1111000011111111110010100110']
['0001001010100000110010101001', 0]
['1010101100100000110010101110', 0]
['1111000000000000110010100111', '0001000100000000100100101010']


#7: 0xF0BDCAE8/11110000101111011100101011101000  at (base)set (2)10/(10) 2 miss
['0011000010100000110010100101', '1111000011111111110010100110']
['0001001010100000110010101001', 0]
['1010101100100000110010101110', '1111000010111101110010101110']
['1111000000000000110010100111', '0001000100000000100100101010']


#8: 0xF220CA8C/11110010001000001100101010001100  at (base)set (2)11/(10) 3 miss
['0011000010100000110010100101', '1111000011111111110010100110']
['0001001010100000110010101001', 0]
['1010101100100000110010101110', '1111000010111101110010101110']
['1111001000100000110010101000', '0001000100000000100100101010']


#9: 0x12A0CA94/00010010101000001100101010010100  at (base)set (2)01/(10) 1 hit
['0011000010100000110010100101', '1111000011111111110010100110']
['0001001010100000110010101001', 0]
['1010101100100000110010101110', '1111000010111101110010101110']
['1111001000100000110010101000', '0001000100000000100100101010']


#10: 0x2300CA34/00100011000000001100101000110100  at (base)set (2)01/(10) 1 miss
['0011000010100000110010100101', '1111000011111111110010100110']
['0001001010100000110010101001', '0010001100000000110010100011']
['1010101100100000110010101110', '1111000010111101110010101110']
['1111001000100000110010101000', '0001000100000000100100101010']


#11: 0x23A0CA20/00100011101000001100101000100000  at (base)set (2)00/(10) 0 miss
['0010001110100000110010100010', '1111000011111111110010100110']
['0001001010100000110010101001', '0010001100000000110010100011']
['1010101100100000110010101110', '1111000010111101110010101110']
['1111001000100000110010101000', '0001000100000000100100101010']


#12: 0x12A0CA94/00010010101000001100101010010100  at (base)set (2)01/(10) 1 hit
['0010001110100000110010100010', '1111000011111111110010100110']
['0001001010100000110010101001', '0010001100000000110010100011']
['1010101100100000110010101110', '1111000010111101110010101110']
['1111001000100000110010101000', '0001000100000000100100101010']


#13: 0x23A0CA9C/00100011101000001100101010011100  at (base)set (2)11/(10) 3 miss
['0010001110100000110010100010', '1111000011111111110010100110']
['0001001010100000110010101001', '0010001100000000110010100011']
['1010101100100000110010101110', '1111000010111101110010101110']
['1111001000100000110010101000', '0010001110100000110010101001']


#14: 0xF000CA7C/11110000000000001100101001111100  at (base)set (2)11/(10) 3 miss
['0010001110100000110010100010', '1111000011111111110010100110']
['0001001010100000110010101001', '0010001100000000110010100011']
['1010101100100000110010101110', '1111000010111101110010101110']
['1111000000000000110010100111', '0010001110100000110010101001']


#15: 0x110092AC/00010001000000001001001010101100  at (base)set (2)11/(10) 3 miss
['0010001110100000110010100010', '1111000011111111110010100110']
['0001001010100000110010101001', '0010001100000000110010100011']
['1010101100100000110010101110', '1111000010111101110010101110']
['1111000000000000110010100111', '0001000100000000100100101010']


#16: 0x76A0CAC4/01110110101000001100101011000100  at (base)set (2)01/(10) 1 miss
['0010001110100000110010100010', '1111000011111111110010100110']
['0111011010100000110010101100', '0010001100000000110010100011']
['1010101100100000110010101110', '1111000010111101110010101110']
['1111000000000000110010100111', '0001000100000000100100101010']


#17: 0xF0BBCAD4/11110000101110111100101011010100  at (base)set (2)01/(10) 1 miss
['0010001110100000110010100010', '1111000011111111110010100110']
['0111011010100000110010101100', '1111000010111011110010101101']
['1010101100100000110010101110', '1111000010111101110010101110']
['1111000000000000110010100111', '0001000100000000100100101010']


#18: 0xF000CA7C/11110000000000001100101001111100  at (base)set (2)11/(10) 3 hit
['0010001110100000110010100010', '1111000011111111110010100110']
['0111011010100000110010101100', '1111000010111011110010101101']
['1010101100100000110010101110', '1111000010111101110010101110']
['1111000000000000110010100111', '0001000100000000100100101010']


Hits: 3
Misses: 15

4 ways:

#1: 0xF000CA7C/11110000000000001100101001111100  at (base)set (2)1/(10) 1 miss
[0, 0, 0, 0]
['11110000000000001100101001111', 0, 0, 0]


#2: 0x110092AC/00010001000000001001001010101100  at (base)set (2)1/(10) 1 miss
[0, 0, 0, 0]
['11110000000000001100101001111', '00010001000000001001001010101', 0, 0]


#3: 0xAB20CAE8/10101011001000001100101011101000  at (base)set (2)0/(10) 0 miss
['10101011001000001100101011101', 0, 0, 0]
['11110000000000001100101001111', '00010001000000001001001010101', 0, 0]


#4: 0x12A0CA94/00010010101000001100101010010100  at (base)set (2)1/(10) 1 miss
['10101011001000001100101011101', 0, 0, 0]
['11110000000000001100101001111', '00010001000000001001001010101', '00010010101000001100101010010', 0]


#5: 0x30A0CA50/00110000101000001100101001010000  at (base)set (2)0/(10) 0 miss
['10101011001000001100101011101', '00110000101000001100101001010', 0, 0]
['11110000000000001100101001111', '00010001000000001001001010101', '00010010101000001100101010010', 0]


#6: 0xF0FFCA60/11110000111111111100101001100000  at (base)set (2)0/(10) 0 miss
['10101011001000001100101011101', '00110000101000001100101001010', '11110000111111111100101001100', 0]
['11110000000000001100101001111', '00010001000000001001001010101', '00010010101000001100101010010', 0]


#7: 0xF0BDCAE8/11110000101111011100101011101000  at (base)set (2)0/(10) 0 miss
['10101011001000001100101011101', '00110000101000001100101001010', '11110000111111111100101001100', '11110000101111011100101011101']
['11110000000000001100101001111', '00010001000000001001001010101', '00010010101000001100101010010', 0]


#8: 0xF220CA8C/11110010001000001100101010001100  at (base)set (2)1/(10) 1 miss
['10101011001000001100101011101', '00110000101000001100101001010', '11110000111111111100101001100', '11110000101111011100101011101']
['11110000000000001100101001111', '00010001000000001001001010101', '00010010101000001100101010010', '11110010001000001100101010001']


#9: 0x12A0CA94/00010010101000001100101010010100  at (base)set (2)1/(10) 1 hit
['10101011001000001100101011101', '00110000101000001100101001010', '11110000111111111100101001100', '11110000101111011100101011101']
['11110000000000001100101001111', '00010001000000001001001010101', '00010010101000001100101010010', '11110010001000001100101010001']


#10: 0x2300CA34/00100011000000001100101000110100  at (base)set (2)1/(10) 1 miss
['10101011001000001100101011101', '00110000101000001100101001010', '11110000111111111100101001100', '11110000101111011100101011101']
['00100011000000001100101000110', '00010001000000001001001010101', '00010010101000001100101010010', '11110010001000001100101010001']


#11: 0x23A0CA20/00100011101000001100101000100000  at (base)set (2)0/(10) 0 miss
['00100011101000001100101000100', '00110000101000001100101001010', '11110000111111111100101001100', '11110000101111011100101011101']
['00100011000000001100101000110', '00010001000000001001001010101', '00010010101000001100101010010', '11110010001000001100101010001']


#12: 0x12A0CA94/00010010101000001100101010010100  at (base)set (2)1/(10) 1 hit
['00100011101000001100101000100', '00110000101000001100101001010', '11110000111111111100101001100', '11110000101111011100101011101']
['00100011000000001100101000110', '00010001000000001001001010101', '00010010101000001100101010010', '11110010001000001100101010001']


#13: 0x23A0CA9C/00100011101000001100101010011100  at (base)set (2)1/(10) 1 miss
['00100011101000001100101000100', '00110000101000001100101001010', '11110000111111111100101001100', '11110000101111011100101011101']
['00100011000000001100101000110', '00100011101000001100101010011', '00010010101000001100101010010', '11110010001000001100101010001']


#14: 0xF000CA7C/11110000000000001100101001111100  at (base)set (2)1/(10) 1 miss
['00100011101000001100101000100', '00110000101000001100101001010', '11110000111111111100101001100', '11110000101111011100101011101']
['00100011000000001100101000110', '00100011101000001100101010011', '00010010101000001100101010010', '11110000000000001100101001111']


#15: 0x110092AC/00010001000000001001001010101100  at (base)set (2)1/(10) 1 miss
['00100011101000001100101000100', '00110000101000001100101001010', '11110000111111111100101001100', '11110000101111011100101011101']
['00100011000000001100101000110', '00100011101000001100101010011', '00010001000000001001001010101', '11110000000000001100101001111']


#16: 0x76A0CAC4/01110110101000001100101011000100  at (base)set (2)1/(10) 1 miss
['00100011101000001100101000100', '00110000101000001100101001010', '11110000111111111100101001100', '11110000101111011100101011101']
['01110110101000001100101011000', '00100011101000001100101010011', '00010001000000001001001010101', '11110000000000001100101001111']


#17: 0xF0BBCAD4/11110000101110111100101011010100  at (base)set (2)1/(10) 1 miss
['00100011101000001100101000100', '00110000101000001100101001010', '11110000111111111100101001100', '11110000101111011100101011101']
['01110110101000001100101011000', '11110000101110111100101011010', '00010001000000001001001010101', '11110000000000001100101001111']


#18: 0xF000CA7C/11110000000000001100101001111100  at (base)set (2)1/(10) 1 hit
['00100011101000001100101000100', '00110000101000001100101001010', '11110000111111111100101001100', '11110000101111011100101011101']
['01110110101000001100101011000', '11110000101110111100101011010', '00010001000000001001001010101', '11110000000000001100101001111']


Hits: 3
Misses: 15
